2024-05-04 16:09:25 - Starting OdditySnifferApplication using Java 17.0.9 with PID 19952 (C:\Users\Omid\IdeaProjects\OdditySniffer\target\classes started by Omid in C:\Users\Omid\IdeaProjects\OdditySniffer)
2024-05-04 16:09:25 - No active profile set, falling back to 1 default profile: "default"
2024-05-04 16:09:25 - Bootstrapping Spring Data MongoDB repositories in DEFAULT mode.
2024-05-04 16:09:25 - Finished Spring Data repository scanning in 39 ms. Found 2 MongoDB repository interfaces.
2024-05-04 16:09:26 - Tomcat initialized with port 8080 (http)
2024-05-04 16:09:26 - Initializing ProtocolHandler ["http-nio-8080"]
2024-05-04 16:09:26 - Starting service [Tomcat]
2024-05-04 16:09:26 - Starting Servlet engine: [Apache Tomcat/10.1.20]
2024-05-04 16:09:26 - Initializing Spring embedded WebApplicationContext
2024-05-04 16:09:26 - Root WebApplicationContext: initialization completed in 929 ms
2024-05-04 16:09:26 - MongoClient with metadata {"driver": {"name": "mongo-java-driver|sync|spring-boot", "version": "4.11.2"}, "os": {"type": "Windows", "name": "Windows 11", "architecture": "amd64", "version": "10.0"}, "platform": "Java/Oracle Corporation/17.0.9+11-LTS-201"} created with settings MongoClientSettings{readPreference=primary, writeConcern=WriteConcern{w=null, wTimeout=null ms, journal=null}, retryWrites=true, retryReads=true, readConcern=ReadConcern{level=null}, credential=null, transportSettings=null, streamFactoryFactory=null, commandListeners=[], codecRegistry=ProvidersCodecRegistry{codecProviders=[ValueCodecProvider{}, BsonValueCodecProvider{}, DBRefCodecProvider{}, DBObjectCodecProvider{}, DocumentCodecProvider{}, CollectionCodecProvider{}, IterableCodecProvider{}, MapCodecProvider{}, GeoJsonCodecProvider{}, GridFSFileCodecProvider{}, Jsr310CodecProvider{}, JsonObjectCodecProvider{}, BsonCodecProvider{}, EnumCodecProvider{}, com.mongodb.client.model.mql.ExpressionCodecProvider@5ff00507, com.mongodb.Jep395RecordCodecProvider@603cabc4, com.mongodb.KotlinCodecProvider@67fa5045]}, loggerSettings=LoggerSettings{maxDocumentLength=1000}, clusterSettings={hosts=[localhost:27017], srvServiceName=mongodb, mode=SINGLE, requiredClusterType=UNKNOWN, requiredReplicaSetName='null', serverSelector='null', clusterListeners='[]', serverSelectionTimeout='30000 ms', localThreshold='15 ms'}, socketSettings=SocketSettings{connectTimeoutMS=10000, readTimeoutMS=0, receiveBufferSize=0, proxySettings=ProxySettings{host=null, port=null, username=null, password=null}}, heartbeatSocketSettings=SocketSettings{connectTimeoutMS=10000, readTimeoutMS=10000, receiveBufferSize=0, proxySettings=ProxySettings{host=null, port=null, username=null, password=null}}, connectionPoolSettings=ConnectionPoolSettings{maxSize=100, minSize=0, maxWaitTimeMS=120000, maxConnectionLifeTimeMS=0, maxConnectionIdleTimeMS=0, maintenanceInitialDelayMS=0, maintenanceFrequencyMS=60000, connectionPoolListeners=[], maxConnecting=2}, serverSettings=ServerSettings{heartbeatFrequencyMS=10000, minHeartbeatFrequencyMS=500, serverListeners='[]', serverMonitorListeners='[]'}, sslSettings=SslSettings{enabled=false, invalidHostNameAllowed=false, context=null}, applicationName='null', compressorList=[], uuidRepresentation=JAVA_LEGACY, serverApi=null, autoEncryptionSettings=null, dnsClient=null, inetAddressResolver=null, contextProvider=null}
2024-05-04 16:09:26 - Monitor thread successfully connected to server with description ServerDescription{address=localhost:27017, type=STANDALONE, state=CONNECTED, ok=true, minWireVersion=0, maxWireVersion=21, maxDocumentSize=16777216, logicalSessionTimeoutMinutes=30, roundTripTimeNanos=27033600}
2024-05-04 16:09:26 - Starting ProtocolHandler ["http-nio-8080"]
2024-05-04 16:09:26 - Tomcat started on port 8080 (http) with context path ''
2024-05-04 16:09:26 - Started OdditySnifferApplication in 2.183 seconds (process running for 2.723)
2024-05-04 16:10:08 - Initializing Spring DispatcherServlet 'dispatcherServlet'
2024-05-04 16:10:08 - Initializing Servlet 'dispatcherServlet'
2024-05-04 16:10:08 - Completed initialization in 1 ms
2024-05-04 16:10:42 - Starting OdditySnifferApplication using Java 17.0.9 with PID 6500 (C:\Users\Omid\IdeaProjects\OdditySniffer\target\classes started by Omid in C:\Users\Omid\IdeaProjects\OdditySniffer)
2024-05-04 16:10:42 - No active profile set, falling back to 1 default profile: "default"
2024-05-04 16:10:43 - Bootstrapping Spring Data MongoDB repositories in DEFAULT mode.
2024-05-04 16:10:43 - Finished Spring Data repository scanning in 56 ms. Found 2 MongoDB repository interfaces.
2024-05-04 16:10:43 - Tomcat initialized with port 8080 (http)
2024-05-04 16:10:43 - Initializing ProtocolHandler ["http-nio-8080"]
2024-05-04 16:10:43 - Starting service [Tomcat]
2024-05-04 16:10:43 - Starting Servlet engine: [Apache Tomcat/10.1.20]
2024-05-04 16:10:43 - Initializing Spring embedded WebApplicationContext
2024-05-04 16:10:43 - Root WebApplicationContext: initialization completed in 1249 ms
2024-05-04 16:10:44 - MongoClient with metadata {"driver": {"name": "mongo-java-driver|sync|spring-boot", "version": "4.11.2"}, "os": {"type": "Windows", "name": "Windows 11", "architecture": "amd64", "version": "10.0"}, "platform": "Java/Oracle Corporation/17.0.9+11-LTS-201"} created with settings MongoClientSettings{readPreference=primary, writeConcern=WriteConcern{w=null, wTimeout=null ms, journal=null}, retryWrites=true, retryReads=true, readConcern=ReadConcern{level=null}, credential=null, transportSettings=null, streamFactoryFactory=null, commandListeners=[], codecRegistry=ProvidersCodecRegistry{codecProviders=[ValueCodecProvider{}, BsonValueCodecProvider{}, DBRefCodecProvider{}, DBObjectCodecProvider{}, DocumentCodecProvider{}, CollectionCodecProvider{}, IterableCodecProvider{}, MapCodecProvider{}, GeoJsonCodecProvider{}, GridFSFileCodecProvider{}, Jsr310CodecProvider{}, JsonObjectCodecProvider{}, BsonCodecProvider{}, EnumCodecProvider{}, com.mongodb.client.model.mql.ExpressionCodecProvider@4cb957b8, com.mongodb.Jep395RecordCodecProvider@3cdc7b09, com.mongodb.KotlinCodecProvider@7364eed1]}, loggerSettings=LoggerSettings{maxDocumentLength=1000}, clusterSettings={hosts=[localhost:27017], srvServiceName=mongodb, mode=SINGLE, requiredClusterType=UNKNOWN, requiredReplicaSetName='null', serverSelector='null', clusterListeners='[]', serverSelectionTimeout='30000 ms', localThreshold='15 ms'}, socketSettings=SocketSettings{connectTimeoutMS=10000, readTimeoutMS=0, receiveBufferSize=0, proxySettings=ProxySettings{host=null, port=null, username=null, password=null}}, heartbeatSocketSettings=SocketSettings{connectTimeoutMS=10000, readTimeoutMS=10000, receiveBufferSize=0, proxySettings=ProxySettings{host=null, port=null, username=null, password=null}}, connectionPoolSettings=ConnectionPoolSettings{maxSize=100, minSize=0, maxWaitTimeMS=120000, maxConnectionLifeTimeMS=0, maxConnectionIdleTimeMS=0, maintenanceInitialDelayMS=0, maintenanceFrequencyMS=60000, connectionPoolListeners=[], maxConnecting=2}, serverSettings=ServerSettings{heartbeatFrequencyMS=10000, minHeartbeatFrequencyMS=500, serverListeners='[]', serverMonitorListeners='[]'}, sslSettings=SslSettings{enabled=false, invalidHostNameAllowed=false, context=null}, applicationName='null', compressorList=[], uuidRepresentation=JAVA_LEGACY, serverApi=null, autoEncryptionSettings=null, dnsClient=null, inetAddressResolver=null, contextProvider=null}
2024-05-04 16:10:44 - Monitor thread successfully connected to server with description ServerDescription{address=localhost:27017, type=STANDALONE, state=CONNECTED, ok=true, minWireVersion=0, maxWireVersion=21, maxDocumentSize=16777216, logicalSessionTimeoutMinutes=30, roundTripTimeNanos=35955800}
2024-05-04 16:10:44 - Starting ProtocolHandler ["http-nio-8080"]
2024-05-04 16:10:44 - Tomcat started on port 8080 (http) with context path ''
2024-05-04 16:10:44 - Started OdditySnifferApplication in 2.755 seconds (process running for 3.767)
2024-05-04 16:12:29 - Initializing Spring DispatcherServlet 'dispatcherServlet'
2024-05-04 16:12:29 - Initializing Servlet 'dispatcherServlet'
2024-05-04 16:12:29 - Completed initialization in 1 ms
